File does not exists:
Cuads.csv
Ignored a header line : 

Unproper end of file, read cancelled
Input Errors: 
File does not exists:
Test_10_1_1000.csv
File does not exists:
Cuads.csv
Ignored a header line : 

Unproper end of file, read cancelled
Input Errors: 
File does not exists:
Test_10_1_1000.csv
File does not exists:
Cuads.csv
Ignored a header line : 

Unproper end of file, read cancelled
Input Errors: 
File does not exists:
Test_10_1_1000.csv
Ignored a header line : 
"pt.cuad","w.cuad"
Unproper end of file, read cancelled
Input Errors: 
Inconsistent line length , stopped importing
Ignored a header line : 
"pt.cuad","w.cuad"
Unproper end of file, read cancelled
Input Errors: 
Inconsistent line length , stopped importing
Ignored a header line : 
"pt.cuad","w.cuad"
Unproper end of file, read cancelled
Input Errors: 
Inconsistent line length , stopped importing
Ignored a header line : 
"pt.cuad","w.cuad"
Unproper end of file, read cancelled
Input Errors: 
Inconsistent line length , stopped importing
Ignored a header line : 
"pt.cuad","w.cuad"
Unproper end of file, read cancelled
Input Errors: 
Inconsistent line length , stopped importing
Ignored a header line : 
"pt.cuad","w.cuad"
Unproper end of file, read cancelled
Input Errors: 
Inconsistent line length , stopped importing
Ignored a header line : 
"pt.cuad","w.cuad"
Unproper end of file, read cancelled
Input Errors: 
Inconsistent line length , stopped importing
Ignored a header line : 
"pt.cuad","w.cuad"
Unproper end of file, read cancelled
Input Errors: 
Inconsistent line length , stopped importing
Ignored a header line : 
"pt.cuad","w.cuad"
Unproper end of file, read cancelled
Input Errors: 
Inconsistent line length , stopped importing
Ignored a header line : 
"pt.cuad","w.cuad"
Unproper end of file, read cancelled
Input Errors: 
Inconsistent line length , stopped importing
Ignored a header line : 
"pt.cuad","w.cuad"
Unproper end of file, read cancelled
Input Errors: 
Inconsistent line length , stopped importing
Ignored a header line : 
"pt.cuad","w.cuad"
Unproper end of file, read cancelled
Input Errors: 
Inconsistent line length , stopped importing
Ignored a header line : 
"pt.cuad","w.cuad"
Unproper end of file, read cancelled
Input Errors: 
Inconsistent line length , stopped importing
Ignored a header line : 
"pt.cuad","w.cuad"
Unproper end of file, read cancelled
Input Errors: 
Inconsistent line length , stopped importing
Ignored a header line : 
"pt.cuad","w.cuad"
Unproper end of file, read cancelled
Input Errors: 
File does not exists:
Test_100_1_10000.csv
